Vivado Simulator 2016.4
Copyright 1986-1999, 2001-2016 Xilinx, Inc. All Rights Reserved.
Running: C:/Xilinx/Vivado/2016.4/bin/unwrapped/win64.o/xelab.exe -wto b48bff800b6643cebdca694b7ccc533b --debug typical --relax --mt 2 -L xil_defaultlib -L secureip --snapshot StateMachine_test_behav xil_defaultlib.StateMachine_test -log elaborate.log 
Using 2 slave threads.
Starting static elaboration
Completed static elaboration
Starting simulation data flow analysis
Completed simulation data flow analysis
Time Resolution for simulation is 1ps
Compiling package std.standard
Compiling package std.textio
Compiling package ieee.std_logic_1164
Compiling package ieee.std_logic_arith
Compiling package ieee.std_logic_unsigned
Compiling package ieee.numeric_std
Compiling architecture behavioral of entity xil_defaultlib.Program_Counter [program_counter_default]
Compiling architecture behavioral of entity xil_defaultlib.ROM_Module [rom_module_default]
Compiling architecture behavioral of entity xil_defaultlib.RAM_Module [ram_module_default]
Compiling architecture behavioral of entity xil_defaultlib.FA [fa_default]
Compiling architecture behavioral of entity xil_defaultlib.six_bit_adder [six_bit_adder_default]
Compiling architecture behavioral of entity xil_defaultlib.simple_multi [simple_multi_default]
Compiling architecture behavioral of entity xil_defaultlib.HA [ha_default]
Compiling architecture behavioral of entity xil_defaultlib.FA2 [fa2_default]
Compiling architecture behavioral of entity xil_defaultlib.CAS [cas_default]
Compiling architecture behavioral of entity xil_defaultlib.BlockX [blockx_default]
Compiling architecture behavioral of entity xil_defaultlib.BlockY [blocky_default]
Compiling architecture behavioral of entity xil_defaultlib.main [main_default]
Compiling architecture behavioral of entity xil_defaultlib.ALU_Module [alu_module_default]
Compiling architecture behavioral of entity xil_defaultlib.statemachine_test
Built simulation snapshot StateMachine_test_behav
